07-14 23:50:45 当前状态:Run cell (Ctrl+Enter)
cell has not been executed in this session

executed at unknown time
07-14 23:50:45 开始进程守护
07-14 23:50:45 点击运行前Run cell (Ctrl+Enter)
cell has not been executed in this session

executed at unknown time
07-14 23:50:50 点击运行后:Run cell (Ctrl+Enter)
cell has not been executed in this session

executed at unknown time
07-14 23:51:20 当前duration：0, Interrupt execution (Ctrl+M I)

started at 11:50 PM (0 minutes ago)
07-14 23:53:19 当前duration：100, Interrupt execution (Ctrl+M I)

started at 11:50 PM (0 minutes ago)
07-14 23:55:16 当前duration：200, Interrupt execution (Ctrl+M I)

started at 11:50 PM (0 minutes ago)
07-14 23:56:08 error 守护进程:Alert Text: {Alert text : 
Message: unexpected alert open: {Alert text : }
  (Session info: chrome=83.0.4103.116)

07-14 23:56:11 error 守护进程:Alert Text: {Alert text : 
Message: unexpected alert open: {Alert text : }
  (Session info: chrome=83.0.4103.116)

07-14 23:56:15 error 守护进程:Alert Text: {Alert text : 
Message: unexpected alert open: {Alert text : }
  (Session info: chrome=83.0.4103.116)

07-14 23:56:18 error 守护进程:Alert Text: {Alert text : 
Message: unexpected alert open: {Alert text : }
  (Session info: chrome=83.0.4103.116)

07-14 23:56:20 error 守护进程:Alert Text: {Alert text : 
Message: unexpected alert open: {Alert text : }
  (Session info: chrome=83.0.4103.116)

07-14 23:56:23 error 守护进程:Alert Text: {Alert text : 
Message: unexpected alert open: {Alert text : }
  (Session info: chrome=83.0.4103.116)

07-14 23:56:25 error 守护进程:Message: no such window: window was already closed
  (Session info: chrome=83.0.4103.116)

07-14 23:56:25 error 守护进程:Message: no such window: window was already closed
  (Session info: chrome=83.0.4103.116)

07-14 23:56:25 error 守护进程:Message: no such window: window was already closed
  (Session info: chrome=83.0.4103.116)

07-14 23:56:25 error 守护进程:Message: no such window: window was already closed
  (Session info: chrome=83.0.4103.116)

07-14 23:56:25 error 守护进程:Message: no such window: window was already closed
  (Session info: chrome=83.0.4103.116)

07-14 23:56:26 error 守护进程:Message: no such window: window was already closed
  (Session info: chrome=83.0.4103.116)

07-14 23:56:26 error 守护进程:Message: no such window: window was already closed
  (Session info: chrome=83.0.4103.116)

07-14 23:56:26 error 守护进程:Message: no such window: window was already closed
  (Session info: chrome=83.0.4103.116)

07-14 23:56:26 error 守护进程:Message: no such window: window was already closed
  (Session info: chrome=83.0.4103.116)

07-14 23:56:26 error 守护进程:Message: no such window: window was already closed
  (Session info: chrome=83.0.4103.116)

07-14 23:56:26 error 守护进程:Message: no such window: window was already closed
  (Session info: chrome=83.0.4103.116)

07-14 23:56:26 error 守护进程:Message: no such window: window was already closed
  (Session info: chrome=83.0.4103.116)

07-14 23:56:26 error 守护进程:Message: no such window: window was already closed
  (Session info: chrome=83.0.4103.116)

07-14 23:56:26 error 守护进程:Message: no such window: window was already closed
  (Session info: chrome=83.0.4103.116)

07-14 23:56:27 error 守护进程:Message: no such window: window was already closed
  (Session info: chrome=83.0.4103.116)

07-14 23:56:27 error 守护进程:Message: no such window: window was already closed
  (Session info: chrome=83.0.4103.116)

07-14 23:56:27 error 守护进程:Message: no such window: window was already closed
  (Session info: chrome=83.0.4103.116)

07-14 23:56:27 error 守护进程:Message: no such window: window was already closed
  (Session info: chrome=83.0.4103.116)

07-14 23:56:27 error 守护进程:Message: no such window: window was already closed
  (Session info: chrome=83.0.4103.116)

07-14 23:56:27 error 守护进程:Message: no such window: window was already closed
  (Session info: chrome=83.0.4103.116)

07-14 23:56:27 error 守护进程:Message: no such window: window was already closed
  (Session info: chrome=83.0.4103.116)

07-14 23:56:27 error 守护进程:Message: no such window: window was already closed
  (Session info: chrome=83.0.4103.116)

07-14 23:56:27 error 守护进程:Message: no such window: window was already closed
  (Session info: chrome=83.0.4103.116)

07-14 23:56:28 error 守护进程:Message: no such window: window was already closed
  (Session info: chrome=83.0.4103.116)

07-14 23:56:28 error 守护进程:Message: no such window: window was already closed
  (Session info: chrome=83.0.4103.116)

07-14 23:56:28 error 守护进程:Message: no such window: window was already closed
  (Session info: chrome=83.0.4103.116)

07-14 23:56:28 error 守护进程:Message: no such window: window was already closed
  (Session info: chrome=83.0.4103.116)

07-14 23:56:28 error 守护进程:Message: no such window: window was already closed
  (Session info: chrome=83.0.4103.116)

07-14 23:56:28 error 守护进程:Message: no such window: window was already closed
  (Session info: chrome=83.0.4103.116)

07-14 23:56:28 error 守护进程:Message: no such window: window was already closed
  (Session info: chrome=83.0.4103.116)

07-14 23:56:28 error 守护进程:Message: no such window: window was already closed
  (Session info: chrome=83.0.4103.116)

07-14 23:56:29 error 守护进程:Message: no such window: window was already closed
  (Session info: chrome=83.0.4103.116)

07-14 23:56:29 error 守护进程:Message: no such window: window was already closed
  (Session info: chrome=83.0.4103.116)

07-14 23:56:29 error 守护进程:Message: no such window: window was already closed
  (Session info: chrome=83.0.4103.116)

07-14 23:56:29 error 守护进程:Message: no such window: window was already closed
  (Session info: chrome=83.0.4103.116)

07-15 20:24:58 当前状态:Run cell (Ctrl+Enter)
cell has not been executed in this session

queued at 8:24 PM (0 minutes ago)
07-15 20:24:58 开始进程守护
07-15 20:24:58 点击运行前Run cell (Ctrl+Enter)
cell has not been executed in this session

queued at 8:24 PM (0 minutes ago)
07-15 20:25:06 点击运行后:Run cell (Ctrl+Enter)
cell executed since last change

queued at 8:24 PM (0 minutes ago)
07-15 20:27:33 刷新页面:Run cell (Ctrl+Enter)
cell has not been executed in this session
07-15 20:28:38 刷新报错:Message: no such alert
  (Session info: chrome=84.0.4147.89)

